<?xml version="1.0" encoding="UTF-8"?>
<!-- Generated by org.testng.reporters.JUnitXMLReporter -->
<testsuite ignored="15" hostname="DESKTOP-3K81DQI" failures="0" tests="3" name="Default test" time="3.773" errors="0" timestamp="2023-01-10T00:39:57 EET">
  <testcase classname="RestQydApiTest.CreateBill" name="CreateBillTest" time="2.535"/>
  <testcase classname="RestQydApiTest.GetBill" name="getbillTest" time="0.592"/>
  <testcase classname="RestQydApiTest.DeleteBill" name="DeletebillTest" time="0.603"/>
  <testcase classname="RestQydApiTest.CreateVendor" name="CreateVendorTest" time="0.0">
    <ignored/>
  </testcase> <!-- CreateVendorTest -->
  <testcase classname="RestQydApiTest.CreateVendor" name="CreateVendorTest" time="0.0">
    <ignored/>
  </testcase> <!-- CreateVendorTest -->
  <testcase classname="RestQydApiTest.CreateBill" name="CreateBillTest" time="0.0">
    <ignored/>
  </testcase> <!-- CreateBillTest -->
  <testcase classname="RestQydApiTest.GetCustomer" name="getcustomertest" time="0.0">
    <ignored/>
  </testcase> <!-- getcustomertest -->
  <testcase classname="RestQydApiTest.Customerbase" name="getcust" time="0.0">
    <ignored/>
  </testcase> <!-- getcust -->
  <testcase classname="RestQydApiTest.Customerbase" name="addcust" time="0.0">
    <ignored/>
  </testcase> <!-- addcust -->
  <testcase classname="RestQydApiTest.GetCustomer" name="getcustomertest" time="0.0">
    <ignored/>
  </testcase> <!-- getcustomertest -->
  <testcase classname="RestQydApiTest.Customerbase" name="getcust" time="0.0">
    <ignored/>
  </testcase> <!-- getcust -->
  <testcase classname="RestQydApiTest.GetBill" name="getbillTest" time="0.0">
    <ignored/>
  </testcase> <!-- getbillTest -->
  <testcase classname="RestQydApiTest.CreateBill" name="CreateBillTest" time="0.0">
    <ignored/>
  </testcase> <!-- CreateBillTest -->
  <testcase classname="RestQydApiTest.GetCustomer" name="getcustomertest" time="0.0">
    <ignored/>
  </testcase> <!-- getcustomertest -->
  <testcase classname="RestQydApiTest.CreateVendor" name="CreateVendorTest" time="0.0">
    <ignored/>
  </testcase> <!-- CreateVendorTest -->
  <testcase classname="RestQydApiTest.Customerbase" name="getcust" time="0.0">
    <ignored/>
  </testcase> <!-- getcust -->
  <testcase classname="RestQydApiTest.Customerbase" name="addcust" time="0.0">
    <ignored/>
  </testcase> <!-- addcust -->
  <testcase classname="RestQydApiTest.Customerbase" name="addcust" time="0.0">
    <ignored/>
  </testcase> <!-- addcust -->
</testsuite> <!-- Default test -->
