<?xml version="1.0" encoding="UTF-8"?>
<!-- Generated by org.testng.reporters.JUnitXMLReporter -->
<testsuite ignored="4" hostname="DESKTOP-3K81DQI" failures="0" tests="1" name="Default test" time="2.857" errors="0" timestamp="2023-01-07T14:29:35 EET">
  <testcase classname="RestQydApiTest.CreateBill" name="CreateBillTest" time="2.828"/>
  <testcase classname="RestQydApiTest.CreateVendor" name="CreateVendorTest" time="0.0">
    <ignored/>
  </testcase> <!-- CreateVendorTest -->
  <testcase classname="RestQydApiTest.Customerbase" name="getcust" time="0.0">
    <ignored/>
  </testcase> <!-- getcust -->
  <testcase classname="RestQydApiTest.GetCustomer" name="getcustomertest" time="0.0">
    <ignored/>
  </testcase> <!-- getcustomertest -->
  <testcase classname="RestQydApiTest.Customerbase" name="addcust" time="0.0">
    <ignored/>
  </testcase> <!-- addcust -->
</testsuite> <!-- Default test -->
