<?xml version="1.0" encoding="UTF-8"?>
<testng-results ignored="10" total="14" passed="4" failed="0" skipped="0">
  <reporter-output>
  </reporter-output>
  <suite started-at="2023-01-03T16:12:20 EET" name="Default suite" finished-at="2023-01-03T16:12:26 EET" duration-ms="6490">
    <groups>
    </groups>
    <test started-at="2023-01-03T16:12:20 EET" name="Default test" finished-at="2023-01-03T16:12:26 EET" duration-ms="6490">
      <class name="RestQydApiTest.CreateVendor">
        <test-method signature="CreateVendorTest()[pri:0, instance:RestQydApiTest.CreateVendor@58a9760d]" started-at="2023-01-03T16:12:25 EET" name="CreateVendorTest" finished-at="2023-01-03T16:12:25 EET" depends-on-methods="RestQydApiTest.GetCustomer.getcustomertest" duration-ms="639" status="PASS">
          <reporter-output>
          </reporter-output>
        </test-method> <!-- CreateVendorTest -->
      </class> <!-- RestQydApiTest.CreateVendor -->
      <class name="RestQydApiTest.Customerbase">
        <test-method signature="addcust()[pri:0, instance:RestQydApiTest.Customerbase@6a2f6f80]" started-at="2023-01-03T16:12:20 EET" name="addcust" finished-at="2023-01-03T16:12:23 EET" duration-ms="3249" status="PASS">
          <reporter-output>
          </reporter-output>
        </test-method> <!-- addcust -->
      </class> <!-- RestQydApiTest.Customerbase -->
      <class name="RestQydApiTest.GetCustomer">
        <test-method signature="getcustomertest()[pri:0, instance:RestQydApiTest.GetCustomer@45b4c3a9]" started-at="2023-01-03T16:12:23 EET" name="getcustomertest" finished-at="2023-01-03T16:12:25 EET" depends-on-methods="RestQydApiTest.Customerbase.addcust" duration-ms="1480" status="PASS">
          <reporter-output>
          </reporter-output>
        </test-method> <!-- getcustomertest -->
      </class> <!-- RestQydApiTest.GetCustomer -->
      <class name="RestQydApiTest.CreatePurchaseOrder">
        <test-method signature="CreatePurchaseOrderTest()[pri:0, instance:RestQydApiTest.CreatePurchaseOrder@399c4be1]" started-at="2023-01-03T16:12:25 EET" name="CreatePurchaseOrderTest" finished-at="2023-01-03T16:12:26 EET" depends-on-methods="RestQydApiTest.CreateVendor.CreateVendorTest" duration-ms="1077" status="PASS">
          <reporter-output>
          </reporter-output>
        </test-method> <!-- CreatePurchaseOrderTest -->
      </class> <!-- RestQydApiTest.CreatePurchaseOrder -->
    </test> <!-- Default test -->
  </suite> <!-- Default suite -->
</testng-results>
