<?xml version="1.0" encoding="UTF-8"?>
<testng-results ignored="0" total="1" passed="1" failed="0" skipped="0">
  <reporter-output>
  </reporter-output>
  <suite started-at="2022-07-19T13:35:18 EET" name="Default suite" finished-at="2022-07-19T13:35:38 EET" duration-ms="20211">
    <groups>
    </groups>
    <test started-at="2022-07-19T13:35:18 EET" name="Default test" finished-at="2022-07-19T13:35:38 EET" duration-ms="20211">
      <class name="tests.vendorTest">
        <test-method signature="VendorCreation()[pri:0, instance:tests.vendorTest@41e36e46]" started-at="2022-07-19T13:35:18 EET" name="VendorCreation" finished-at="2022-07-19T13:35:38 EET" duration-ms="20177" status="PASS">
          <reporter-output>
          </reporter-output>
        </test-method> <!-- VendorCreation -->
      </class> <!-- tests.vendorTest -->
    </test> <!-- Default test -->
  </suite> <!-- Default suite -->
</testng-results>
